<?xml version="1.0" encoding="UTF-8"?>
<!-- Generated by org.testng.reporters.JUnitReportReporter -->
<testsuite hostname="DESKTOP-VHA2GNI" failures="0" tests="1" name="users.UpdateUserTest" time="0.630" errors="0" timestamp="2022-06-08T20:49:40 WIB" skipped="0">
  <testcase classname="users.UpdateUserTest" name="UpdateUserTest" time="0.630"/>
  <system-out/>
</testsuite> <!-- users.UpdateUserTest -->
