<?xml version="1.0" encoding="UTF-8"?>
<!-- Generated by org.testng.reporters.JUnitReportReporter -->
<testsuite hostname="DESKTOP-VHA2GNI" failures="0" tests="1" name="auth.SuccessLogin" time="0.709" errors="0" timestamp="2022-06-08T20:49:40 WIB" skipped="0">
  <testcase classname="auth.SuccessLogin" name="SuccessLogin" time="0.709"/>
  <system-out/>
</testsuite> <!-- auth.SuccessLogin -->
