<?xml version="1.0" encoding="UTF-8"?>
<!-- Generated by org.testng.reporters.JUnitReportReporter -->
<testsuite hostname="DESKTOP-VHA2GNI" failures="0" tests="1" name="auth.UnsuccessfulLogin" time="0.601" errors="0" timestamp="2022-06-08T20:49:40 WIB" skipped="0">
  <testcase classname="auth.UnsuccessfulLogin" name="UnsuccessfulLogin" time="0.601"/>
  <system-out/>
</testsuite> <!-- auth.UnsuccessfulLogin -->
